

Started GET "/" for 127.0.0.1 at 2016-05-23 11:15:19 +0200

ActiveRecord::NoDatabaseError (FATAL:  database "railsauth_db_dev" does not exist
Run `$ bin/rake db:create db:migrate` to create your database):
  activerecord (4.1.5) lib/active_record/connection_adapters/postgresql_adapter.rb:898:in `rescue in connect'
  activerecord (4.1.5) lib/active_record/connection_adapters/postgresql_adapter.rb:888:in `connect'
  activerecord (4.1.5) lib/active_record/connection_adapters/postgresql_adapter.rb:568:in `initialize'
  activerecord (4.1.5) lib/active_record/connection_adapters/postgresql_adapter.rb:41:in `new'
  activerecord (4.1.5) lib/active_record/connection_adapters/postgresql_adapter.rb:41:in `postgresql_connection'
  activerecord (4.1.5) lib/active_record/connection_adapters/abstract/connection_pool.rb:435:in `new_connection'
  activerecord (4.1.5) lib/active_record/connection_adapters/abstract/connection_pool.rb:445:in `checkout_new_connection'
  activerecord (4.1.5) lib/active_record/connection_adapters/abstract/connection_pool.rb:416:in `acquire_connection'
  activerecord (4.1.5) lib/active_record/connection_adapters/abstract/connection_pool.rb:351:in `block in checkout'
  /Users/macscrat11/.rbenv/versions/2.2.2/lib/ruby/2.2.0/monitor.rb:211:in `mon_synchronize'
  activerecord (4.1.5) lib/active_record/connection_adapters/abstract/connection_pool.rb:350:in `checkout'
  activerecord (4.1.5) lib/active_record/connection_adapters/abstract/connection_pool.rb:265:in `block in connection'
  /Users/macscrat11/.rbenv/versions/2.2.2/lib/ruby/2.2.0/monitor.rb:211:in `mon_synchronize'
  activerecord (4.1.5) lib/active_record/connection_adapters/abstract/connection_pool.rb:264:in `connection'
  activerecord (4.1.5) lib/active_record/connection_adapters/abstract/connection_pool.rb:541:in `retrieve_connection'
  activerecord (4.1.5) lib/active_record/connection_handling.rb:113:in `retrieve_connection'
  activerecord (4.1.5) lib/active_record/connection_handling.rb:87:in `connection'
  activerecord (4.1.5) lib/active_record/migration.rb:388:in `check_pending!'
  activerecord (4.1.5) lib/active_record/migration.rb:377:in `call'
  actionpack (4.1.5) lib/action_dispatch/middleware/callbacks.rb:29:in `block in call'
  activesupport (4.1.5) lib/active_support/callbacks.rb:82:in `run_callbacks'
  actionpack (4.1.5) lib/action_dispatch/middleware/callbacks.rb:27:in `call'
  actionpack (4.1.5) lib/action_dispatch/middleware/reloader.rb:73:in `call'
  actionpack (4.1.5) lib/action_dispatch/middleware/remote_ip.rb:76:in `call'
  actionpack (4.1.5) lib/action_dispatch/middleware/debug_exceptions.rb:17:in `call'
  actionpack (4.1.5) lib/action_dispatch/middleware/show_exceptions.rb:30:in `call'
  railties (4.1.5) lib/rails/rack/logger.rb:38:in `call_app'
  railties (4.1.5) lib/rails/rack/logger.rb:20:in `block in call'
  activesupport (4.1.5) lib/active_support/tagged_logging.rb:68:in `block in tagged'
  activesupport (4.1.5) lib/active_support/tagged_logging.rb:26:in `tagged'
  activesupport (4.1.5) lib/active_support/tagged_logging.rb:68:in `tagged'
  railties (4.1.5) lib/rails/rack/logger.rb:20:in `call'
  actionpack (4.1.5) lib/action_dispatch/middleware/request_id.rb:21:in `call'
  rack (1.5.2) lib/rack/methodoverride.rb:21:in `call'
  rack (1.5.2) lib/rack/runtime.rb:17:in `call'
  activesupport (4.1.5) lib/active_support/cache/strategy/local_cache_middleware.rb:26:in `call'
  rack (1.5.2) lib/rack/lock.rb:17:in `call'
  actionpack (4.1.5) lib/action_dispatch/middleware/static.rb:64:in `call'
  rack (1.5.2) lib/rack/sendfile.rb:112:in `call'
  railties (4.1.5) lib/rails/engine.rb:514:in `call'
  railties (4.1.5) lib/rails/application.rb:144:in `call'
  rack (1.5.2) lib/rack/lock.rb:17:in `call'
  rack (1.5.2) lib/rack/content_length.rb:14:in `call'
  rack (1.5.2) lib/rack/handler/webrick.rb:60:in `service'
  /Users/macscrat11/.rbenv/versions/2.2.2/lib/ruby/2.2.0/webrick/httpserver.rb:138:in `service'
  /Users/macscrat11/.rbenv/versions/2.2.2/lib/ruby/2.2.0/webrick/httpserver.rb:94:in `run'
  /Users/macscrat11/.rbenv/versions/2.2.2/lib/ruby/2.2.0/webrick/server.rb:294:in `block in start_thread'


  Rendered /Users/macscrat11/.rbenv/versions/2.2.2/lib/ruby/gems/2.2.0/gems/actionpack-4.1.5/lib/action_dispatch/middleware/templates/rescues/_source.erb (0.7ms)
  Rendered /Users/macscrat11/.rbenv/versions/2.2.2/lib/ruby/gems/2.2.0/gems/actionpack-4.1.5/lib/action_dispatch/middleware/templates/rescues/_trace.html.erb (2.0ms)
  Rendered /Users/macscrat11/.rbenv/versions/2.2.2/lib/ruby/gems/2.2.0/gems/actionpack-4.1.5/lib/action_dispatch/middleware/templates/rescues/_request_and_response.html.erb (2.0ms)
  Rendered /Users/macscrat11/.rbenv/versions/2.2.2/lib/ruby/gems/2.2.0/gems/actionpack-4.1.5/lib/action_dispatch/middleware/templates/rescues/diagnostics.erb within rescues/layout (104.0ms)
  [1m[36m (11.4ms)[0m  [1mCREATE TABLE "schema_migrations" ("version" character varying(255) NOT NULL) [0m
  [1m[35m (4.2ms)[0m  CREATE UNIQUE INDEX  "unique_schema_migrations" ON "schema_migrations"  ("version")
  [1m[36mActiveRecord::SchemaMigration Load (0.5ms)[0m  [1mSELECT "schema_migrations".* FROM "schema_migrations"[0m
Migrating to CreateUsers (20140826080603)
  [1m[35m (0.2ms)[0m  BEGIN
  [1m[36m (14.9ms)[0m  [1mCREATE TABLE "users" ("id" serial primary key, "first_name" character varying(255), "last_name" character varying(255), "email" character varying(255), "password_hash" character varying(255), "password_salt" character varying(255), "email_verification" boolean DEFAULT 'f', "verification_code" character varying(255), "api_authtoken" character varying(255), "authtoken_expiry" timestamp, "created_at" timestamp, "updated_at" timestamp) [0m
  [1m[35mSQL (0.4ms)[0m  INSERT INTO "schema_migrations" ("version") VALUES ($1)  [["version", "20140826080603"]]
  [1m[36m (0.5ms)[0m  [1mCOMMIT[0m
Migrating to CreatePhotos (20140828132607)
  [1m[35m (0.3ms)[0m  BEGIN
  [1m[36m (5.6ms)[0m  [1mCREATE TABLE "photos" ("id" serial primary key, "name" character varying(255), "title" character varying(255), "image_url" character varying(255), "user_id" integer, "created_at" timestamp, "updated_at" timestamp) [0m
  [1m[35mSQL (0.3ms)[0m  INSERT INTO "schema_migrations" ("version") VALUES ($1)  [["version", "20140828132607"]]
  [1m[36m (0.5ms)[0m  [1mCOMMIT[0m
Migrating to AddRandomIdToPhotos (20140828141051)
  [1m[35m (0.3ms)[0m  BEGIN
  [1m[36m (9.2ms)[0m  [1mALTER TABLE "photos" ADD COLUMN "random_id" character varying(255)[0m
  [1m[35mSQL (0.2ms)[0m  INSERT INTO "schema_migrations" ("version") VALUES ($1)  [["version", "20140828141051"]]
  [1m[36m (0.3ms)[0m  [1mCOMMIT[0m
  [1m[35mActiveRecord::SchemaMigration Load (0.3ms)[0m  SELECT "schema_migrations".* FROM "schema_migrations"
  [1m[36mActiveRecord::SchemaMigration Load (1.3ms)[0m  [1mSELECT "schema_migrations".* FROM "schema_migrations"[0m
  [1m[35mActiveRecord::SchemaMigration Load (0.2ms)[0m  SELECT "schema_migrations".* FROM "schema_migrations"
Migrating to AddRandomIdToPhotos (20140828141051)
  [1m[36m (0.1ms)[0m  [1mBEGIN[0m
  [1m[35m (2.3ms)[0m  ALTER TABLE "photos" DROP "random_id"
  [1m[36mSQL (1.0ms)[0m  [1mDELETE FROM "schema_migrations" WHERE "schema_migrations"."version" = '20140828141051'[0m
  [1m[35m (0.5ms)[0m  COMMIT
  [1m[36mActiveRecord::SchemaMigration Load (0.2ms)[0m  [1mSELECT "schema_migrations".* FROM "schema_migrations"[0m
  [1m[36mActiveRecord::SchemaMigration Load (0.6ms)[0m  [1mSELECT "schema_migrations".* FROM "schema_migrations"[0m
  [1m[35mActiveRecord::SchemaMigration Load (0.3ms)[0m  SELECT "schema_migrations".* FROM "schema_migrations"
Migrating to CreatePhotos (20140828132607)
  [1m[36m (0.1ms)[0m  [1mBEGIN[0m
  [1m[35m (2.3ms)[0m  DROP TABLE "photos"
  [1m[36mSQL (1.1ms)[0m  [1mDELETE FROM "schema_migrations" WHERE "schema_migrations"."version" = '20140828132607'[0m
  [1m[35m (3.0ms)[0m  COMMIT
  [1m[36mActiveRecord::SchemaMigration Load (0.2ms)[0m  [1mSELECT "schema_migrations".* FROM "schema_migrations"[0m


Started GET "/" for 127.0.0.1 at 2016-05-23 11:19:36 +0200
  [1m[36mActiveRecord::SchemaMigration Load (0.6ms)[0m  [1mSELECT "schema_migrations".* FROM "schema_migrations"[0m
Processing by HomeController#index as HTML
  Rendered home/index.html.erb within layouts/application (1.4ms)
Completed 200 OK in 1400ms (Views: 1385.8ms | ActiveRecord: 0.0ms)


Started GET "/assets/api.css?body=1" for 127.0.0.1 at 2016-05-23 11:19:37 +0200


Started GET "/assets/home.css?body=1" for 127.0.0.1 at 2016-05-23 11:19:37 +0200


Started GET "/assets/api.js?body=1" for 127.0.0.1 at 2016-05-23 11:19:37 +0200


Started GET "/assets/application.css?body=1" for 127.0.0.1 at 2016-05-23 11:19:37 +0200


Started GET "/assets/jquery.js?body=1" for 127.0.0.1 at 2016-05-23 11:19:37 +0200


Started GET "/assets/turbolinks.js?body=1" for 127.0.0.1 at 2016-05-23 11:19:37 +0200


Started GET "/assets/jquery_ujs.js?body=1" for 127.0.0.1 at 2016-05-23 11:19:37 +0200


Started GET "/assets/home.js?body=1" for 127.0.0.1 at 2016-05-23 11:19:37 +0200


Started GET "/assets/application.js?body=1" for 127.0.0.1 at 2016-05-23 11:19:37 +0200


Started GET "/" for 127.0.0.1 at 2016-05-23 11:20:11 +0200
Processing by HomeController#index as HTML
  Rendered home/index.html.erb within layouts/application (0.6ms)
Completed 200 OK in 9ms (Views: 8.3ms | ActiveRecord: 0.0ms)


Started GET "/assets/api.css?body=1" for 127.0.0.1 at 2016-05-23 11:20:11 +0200


Started GET "/assets/application.css?body=1" for 127.0.0.1 at 2016-05-23 11:20:11 +0200


Started GET "/assets/home.css?body=1" for 127.0.0.1 at 2016-05-23 11:20:11 +0200


Started GET "/assets/jquery.js?body=1" for 127.0.0.1 at 2016-05-23 11:20:11 +0200


Started GET "/assets/turbolinks.js?body=1" for 127.0.0.1 at 2016-05-23 11:20:11 +0200


Started GET "/assets/jquery_ujs.js?body=1" for 127.0.0.1 at 2016-05-23 11:20:11 +0200


Started GET "/assets/api.js?body=1" for 127.0.0.1 at 2016-05-23 11:20:12 +0200


Started GET "/assets/home.js?body=1" for 127.0.0.1 at 2016-05-23 11:20:12 +0200


Started GET "/assets/application.js?body=1" for 127.0.0.1 at 2016-05-23 11:20:12 +0200


Started GET "/" for 127.0.0.1 at 2016-05-23 11:20:13 +0200
Processing by HomeController#index as HTML
  Rendered home/index.html.erb within layouts/application (0.1ms)
Completed 200 OK in 8ms (Views: 7.5ms | ActiveRecord: 0.0ms)


Started GET "/assets/api.css?body=1" for 127.0.0.1 at 2016-05-23 11:20:13 +0200


Started GET "/assets/home.css?body=1" for 127.0.0.1 at 2016-05-23 11:20:13 +0200


Started GET "/assets/application.css?body=1" for 127.0.0.1 at 2016-05-23 11:20:13 +0200


Started GET "/assets/jquery_ujs.js?body=1" for 127.0.0.1 at 2016-05-23 11:20:13 +0200


Started GET "/assets/turbolinks.js?body=1" for 127.0.0.1 at 2016-05-23 11:20:13 +0200


Started GET "/assets/jquery.js?body=1" for 127.0.0.1 at 2016-05-23 11:20:13 +0200


Started GET "/assets/api.js?body=1" for 127.0.0.1 at 2016-05-23 11:20:13 +0200


Started GET "/assets/home.js?body=1" for 127.0.0.1 at 2016-05-23 11:20:13 +0200


Started GET "/assets/application.js?body=1" for 127.0.0.1 at 2016-05-23 11:20:13 +0200


Started GET "/" for 127.0.0.1 at 2016-05-23 11:28:39 +0200
Processing by HomeController#index as HTML
  Rendered home/index.html.erb within layouts/application (0.1ms)
Completed 200 OK in 11ms (Views: 9.0ms | ActiveRecord: 0.0ms)


Started GET "/assets/api.css?body=1" for 127.0.0.1 at 2016-05-23 11:28:39 +0200


Started GET "/assets/jquery_ujs.js?body=1" for 127.0.0.1 at 2016-05-23 11:28:39 +0200


Started GET "/assets/home.css?body=1" for 127.0.0.1 at 2016-05-23 11:28:39 +0200


Started GET "/assets/application.css?body=1" for 127.0.0.1 at 2016-05-23 11:28:39 +0200


Started GET "/assets/turbolinks.js?body=1" for 127.0.0.1 at 2016-05-23 11:28:39 +0200


Started GET "/assets/jquery.js?body=1" for 127.0.0.1 at 2016-05-23 11:28:39 +0200


Started GET "/assets/api.js?body=1" for 127.0.0.1 at 2016-05-23 11:28:39 +0200


Started GET "/assets/home.js?body=1" for 127.0.0.1 at 2016-05-23 11:28:39 +0200


Started GET "/assets/application.js?body=1" for 127.0.0.1 at 2016-05-23 11:28:39 +0200


Started GET "/" for 127.0.0.1 at 2016-05-23 11:28:42 +0200
Processing by HomeController#index as HTML
  Rendered home/index.html.erb within layouts/application (0.0ms)
Completed 200 OK in 7ms (Views: 6.2ms | ActiveRecord: 0.0ms)


Started GET "/assets/api.css?body=1" for 127.0.0.1 at 2016-05-23 11:28:42 +0200


Started GET "/assets/home.css?body=1" for 127.0.0.1 at 2016-05-23 11:28:42 +0200


Started GET "/assets/jquery.js?body=1" for 127.0.0.1 at 2016-05-23 11:28:42 +0200


Started GET "/assets/jquery_ujs.js?body=1" for 127.0.0.1 at 2016-05-23 11:28:42 +0200


Started GET "/assets/application.css?body=1" for 127.0.0.1 at 2016-05-23 11:28:42 +0200


Started GET "/assets/turbolinks.js?body=1" for 127.0.0.1 at 2016-05-23 11:28:42 +0200


Started GET "/assets/api.js?body=1" for 127.0.0.1 at 2016-05-23 11:28:42 +0200


Started GET "/assets/home.js?body=1" for 127.0.0.1 at 2016-05-23 11:28:42 +0200


Started GET "/assets/application.js?body=1" for 127.0.0.1 at 2016-05-23 11:28:42 +0200
